This file contains any messages produced by compilers while
running configure, to aid debugging if configure makes a mistake.

It was created by libxc configure 4.2.3, which was
generated by GNU Autoconf 2.69.  Invocation command line was

  $ ./configure --prefix=/home/mgimferrer/APOST3D.4-PGO/libxc-4.2.3

## --------- ##
## Platform. ##
## --------- ##

hostname = theopc66.uni-pc.gwdg.de
uname -m = x86_64
uname -r = 4.18.0-348.20.1.el8_5.x86_64
uname -s = Linux
uname -v = #1 SMP Thu Mar 10 17:39:36 EST 2022

/usr/bin/uname -p = x86_64
/bin/uname -X     = unknown

/bin/arch              = x86_64
/usr/bin/arch -k       = unknown
/usr/convex/getsysinfo = unknown
/usr/bin/hostinfo      = unknown
/bin/machine           = unknown
/usr/bin/oslevel       = unknown
/bin/universe          = unknown

PATH: /opt_global/software/intel/oneapi/compiler/2023.2.1/linux/bin/intel64
PATH: /opt_global/software/intel/oneapi/compiler/2023.2.1/linux/bin
PATH: /opt_global/software/intel/oneapi/compiler/2023.2.1/linux/lib/oclfpga/bin
PATH: /usr/share/Modules/bin
PATH: /usr/local/bin
PATH: /usr/bin
PATH: /usr/local/sbin
PATH: /usr/sbin
PATH: /home/mgimferrer/.local/bin
PATH: /home/mgimferrer/bin


## ----------- ##
## Core tests. ##
## ----------- ##

configure:2568: checking for a BSD-compatible install
configure:2636: result: /usr/bin/install -c
configure:2647: checking whether build environment is sane
configure:2702: result: yes
configure:2853: checking for a thread-safe mkdir -p
configure:2892: result: /usr/bin/mkdir -p
configure:2899: checking for gawk
configure:2915: found /usr/bin/gawk
configure:2926: result: gawk
configure:2937: checking whether make sets $(MAKE)
configure:2959: result: yes
configure:2988: checking whether make supports nested variables
configure:3005: result: yes
configure:3190: checking for a sed that does not truncate output
configure:3267: result: /usr/bin/sed
configure:3344: checking build system type
configure:3358: result: x86_64-unknown-linux-gnu
configure:3378: checking host system type
configure:3391: result: x86_64-unknown-linux-gnu
configure:3432: checking how to print strings
configure:3459: result: printf
configure:3484: checking whether make supports the include directive
configure:3499: make -f confmf.GNU && cat confinc.out
this is the am__doit target
configure:3502: $? = 0
configure:3521: result: yes (GNU style)
configure:3591: checking for gcc
configure:3618: result: icc
configure:3847: checking for C compiler version
configure:3856: icc --version >&5
icc (ICC) 2021.10.0 20230609
Copyright (C) 1985-2023 Intel Corporation.  All rights reserved.

icc: remark #10441: The Intel(R) C++ Compiler Classic (ICC) is deprecated and will be removed from product release in the second half of 2023. The Intel(R) oneAPI DPC++/C++ Compiler (ICX) is the recommended compiler moving forward. Please transition to use this compiler. Use '-diag-disable=10441' to disable this message.
configure:3867: $? = 0
configure:3856: icc -v >&5
icc: remark #10441: The Intel(R) C++ Compiler Classic (ICC) is deprecated and will be removed from product release in the second half of 2023. The Intel(R) oneAPI DPC++/C++ Compiler (ICX) is the recommended compiler moving forward. Please transition to use this compiler. Use '-diag-disable=10441' to disable this message.
icc version 2021.10.0 (gcc version 8.5.0 compatibility)
configure:3867: $? = 0
configure:3856: icc -V >&5
Intel(R) C Intel(R) 64 Compiler Classic for applications running on Intel(R) 64, Version 2021.10.0 Build 20230609_000000
Copyright (C) 1985-2023 Intel Corporation.  All rights reserved.

icc: remark #10441: The Intel(R) C++ Compiler Classic (ICC) is deprecated and will be removed from product release in the second half of 2023. The Intel(R) oneAPI DPC++/C++ Compiler (ICX) is the recommended compiler moving forward. Please transition to use this compiler. Use '-diag-disable=10441' to disable this message.
configure:3867: $? = 0
configure:3856: icc -qversion >&5
icc: remark #10441: The Intel(R) C++ Compiler Classic (ICC) is deprecated and will be removed from product release in the second half of 2023. The Intel(R) oneAPI DPC++/C++ Compiler (ICX) is the recommended compiler moving forward. Please transition to use this compiler. Use '-diag-disable=10441' to disable this message.
icc: command line warning #10006: ignoring unknown option '-qversion'
icc: command line error: no files specified; for help type "icc -help"
configure:3867: $? = 1
configure:3887: checking whether the C compiler works
configure:3909: icc -O3  -parallel -qopenmp -qmkl conftest.c  >&5
icc: remark #10441: The Intel(R) C++ Compiler Classic (ICC) is deprecated and will be removed from product release in the second half of 2023. The Intel(R) oneAPI DPC++/C++ Compiler (ICX) is the recommended compiler moving forward. Please transition to use this compiler. Use '-diag-disable=10441' to disable this message.
configure:3913: $? = 0
configure:3961: result: yes
configure:3964: checking for C compiler default output file name
configure:3966: result: a.out
configure:3972: checking for suffix of executables
configure:3979: icc -o conftest -O3  -parallel -qopenmp -qmkl conftest.c  >&5
icc: remark #10441: The Intel(R) C++ Compiler Classic (ICC) is deprecated and will be removed from product release in the second half of 2023. The Intel(R) oneAPI DPC++/C++ Compiler (ICX) is the recommended compiler moving forward. Please transition to use this compiler. Use '-diag-disable=10441' to disable this message.
configure:3983: $? = 0
configure:4005: result: 
configure:4027: checking whether we are cross compiling
configure:4035: icc -o conftest -O3  -parallel -qopenmp -qmkl conftest.c  >&5
icc: remark #10441: The Intel(R) C++ Compiler Classic (ICC) is deprecated and will be removed from product release in the second half of 2023. The Intel(R) oneAPI DPC++/C++ Compiler (ICX) is the recommended compiler moving forward. Please transition to use this compiler. Use '-diag-disable=10441' to disable this message.
configure:4039: $? = 0
configure:4046: ./conftest
configure:4050: $? = 0
configure:4065: result: no
configure:4070: checking for suffix of object files
configure:4092: icc -c -O3  conftest.c >&5
icc: remark #10441: The Intel(R) C++ Compiler Classic (ICC) is deprecated and will be removed from product release in the second half of 2023. The Intel(R) oneAPI DPC++/C++ Compiler (ICX) is the recommended compiler moving forward. Please transition to use this compiler. Use '-diag-disable=10441' to disable this message.
configure:4096: $? = 0
configure:4117: result: o
configure:4121: checking whether we are using the GNU C compiler
configure:4140: icc -c -O3  conftest.c >&5
icc: remark #10441: The Intel(R) C++ Compiler Classic (ICC) is deprecated and will be removed from product release in the second half of 2023. The Intel(R) oneAPI DPC++/C++ Compiler (ICX) is the recommended compiler moving forward. Please transition to use this compiler. Use '-diag-disable=10441' to disable this message.
configure:4140: $? = 0
configure:4149: result: yes
configure:4158: checking whether icc accepts -g
configure:4178: icc -c -g  conftest.c >&5
icc: remark #10441: The Intel(R) C++ Compiler Classic (ICC) is deprecated and will be removed from product release in the second half of 2023. The Intel(R) oneAPI DPC++/C++ Compiler (ICX) is the recommended compiler moving forward. Please transition to use this compiler. Use '-diag-disable=10441' to disable this message.
configure:4178: $? = 0
configure: failed program was:
| /* confdefs.h */
| #define PACKAGE_NAME "libxc"
| #define PACKAGE_TARNAME "libxc"
| #define PACKAGE_VERSION "4.2.3"
| #define PACKAGE_STRING "libxc 4.2.3"
| #define PACKAGE_BUGREPORT "libxc@tddft.org"
| #define PACKAGE_URL "http://www.tddft.org/programs/Libxc"
| #define PACKAGE "libxc"
| #define VERSION "4.2.3"
| /* end confdefs.h.  */
| 
| int
| main ()
| {
| 
|   ;
|   return 0;
| }
configure:4193: icc -c   conftest.c >&5
icc: remark #10441: The Intel(R) C++ Compiler Classic (ICC) is deprecated and will be removed from product release in the second half of 2023. The Intel(R) oneAPI DPC++/C++ Compiler (ICX) is the recommended compiler moving forward. Please transition to use this compiler. Use '-diag-disable=10441' to disable this message.
configure:4193: $? = 0
configure: failed program was:
| /* confdefs.h */
| #define PACKAGE_NAME "libxc"
| #define PACKAGE_TARNAME "libxc"
| #define PACKAGE_VERSION "4.2.3"
| #define PACKAGE_STRING "libxc 4.2.3"
| #define PACKAGE_BUGREPORT "libxc@tddft.org"
| #define PACKAGE_URL "http://www.tddft.org/programs/Libxc"
| #define PACKAGE "libxc"
| #define VERSION "4.2.3"
| /* end confdefs.h.  */
| 
| int
| main ()
| {
| 
|   ;
|   return 0;
| }
configure:4209: icc -c -g  conftest.c >&5
icc: remark #10441: The Intel(R) C++ Compiler Classic (ICC) is deprecated and will be removed from product release in the second half of 2023. The Intel(R) oneAPI DPC++/C++ Compiler (ICX) is the recommended compiler moving forward. Please transition to use this compiler. Use '-diag-disable=10441' to disable this message.
configure:4209: $? = 0
configure:4219: result: yes
configure:4236: checking for icc option to accept ISO C89
configure:4299: icc  -c -O3  conftest.c >&5
icc: remark #10441: The Intel(R) C++ Compiler Classic (ICC) is deprecated and will be removed from product release in the second half of 2023. The Intel(R) oneAPI DPC++/C++ Compiler (ICX) is the recommended compiler moving forward. Please transition to use this compiler. Use '-diag-disable=10441' to disable this message.
configure:4299: $? = 0
configure:4312: result: none needed
configure:4337: checking whether icc understands -c and -o together
configure:4359: icc -c conftest.c -o conftest2.o
icc: remark #10441: The Intel(R) C++ Compiler Classic (ICC) is deprecated and will be removed from product release in the second half of 2023. The Intel(R) oneAPI DPC++/C++ Compiler (ICX) is the recommended compiler moving forward. Please transition to use this compiler. Use '-diag-disable=10441' to disable this message.
configure:4362: $? = 0
configure:4359: icc -c conftest.c -o conftest2.o
icc: remark #10441: The Intel(R) C++ Compiler Classic (ICC) is deprecated and will be removed from product release in the second half of 2023. The Intel(R) oneAPI DPC++/C++ Compiler (ICX) is the recommended compiler moving forward. Please transition to use this compiler. Use '-diag-disable=10441' to disable this message.
configure:4362: $? = 0
configure:4374: result: yes
configure:4393: checking dependency style of icc
configure:4504: result: gcc3
configure:4519: checking for a sed that does not truncate output
configure:4596: result: /usr/bin/sed
configure:4614: checking for grep that handles long lines and -e
configure:4673: result: /usr/bin/grep
configure:4678: checking for egrep
configure:4741: result: /usr/bin/grep -E
configure:4746: checking for fgrep
configure:4809: result: /usr/bin/grep -F
configure:4844: checking for ld used by icc
icc: remark #10441: The Intel(R) C++ Compiler Classic (ICC) is deprecated and will be removed from product release in the second half of 2023. The Intel(R) oneAPI DPC++/C++ Compiler (ICX) is the recommended compiler moving forward. Please transition to use this compiler. Use '-diag-disable=10441' to disable this message.
configure:4911: result: /usr/bin/ld
configure:4918: checking if the linker (/usr/bin/ld) is GNU ld
configure:4933: result: yes
configure:4945: checking for BSD- or MS-compatible name lister (nm)
configure:4999: result: /usr/bin/nm -B
configure:5129: checking the name lister (/usr/bin/nm -B) interface
configure:5136: icc -c -O3  conftest.c >&5
icc: remark #10441: The Intel(R) C++ Compiler Classic (ICC) is deprecated and will be removed from product release in the second half of 2023. The Intel(R) oneAPI DPC++/C++ Compiler (ICX) is the recommended compiler moving forward. Please transition to use this compiler. Use '-diag-disable=10441' to disable this message.
configure:5139: /usr/bin/nm -B "conftest.o"
configure:5142: output
0000000000000000 B some_variable
configure:5149: result: BSD nm
configure:5152: checking whether ln -s works
configure:5156: result: yes
configure:5164: checking the maximum length of command line arguments
configure:5295: result: 3458764513820540925
configure:5343: checking how to convert x86_64-unknown-linux-gnu file names to x86_64-unknown-linux-gnu format
configure:5383: result: func_convert_file_noop
configure:5390: checking how to convert x86_64-unknown-linux-gnu file names to toolchain format
configure:5410: result: func_convert_file_noop
configure:5417: checking for /usr/bin/ld option to reload object files
configure:5424: result: -r
configure:5498: checking for objdump
configure:5514: found /usr/bin/objdump
configure:5525: result: objdump
configure:5557: checking how to recognize dependent libraries
configure:5757: result: pass_all
configure:5842: checking for dlltool
configure:5872: result: no
configure:5902: checking how to associate runtime and link libraries
configure:5929: result: printf %s\n
configure:5990: checking for ar
configure:6006: found /usr/bin/ar
configure:6017: result: ar
configure:6054: checking for archiver @FILE support
configure:6071: icc -c -O3  conftest.c >&5
icc: remark #10441: The Intel(R) C++ Compiler Classic (ICC) is deprecated and will be removed from product release in the second half of 2023. The Intel(R) oneAPI DPC++/C++ Compiler (ICX) is the recommended compiler moving forward. Please transition to use this compiler. Use '-diag-disable=10441' to disable this message.
configure:6071: $? = 0
configure:6074: ar cru libconftest.a @conftest.lst >&5
configure:6077: $? = 0
configure:6082: ar cru libconftest.a @conftest.lst >&5
ar: conftest.o: No such file or directory
configure:6085: $? = 1
configure:6097: result: @
configure:6155: checking for strip
configure:6171: found /usr/bin/strip
configure:6182: result: strip
configure:6254: checking for ranlib
configure:6270: found /usr/bin/ranlib
configure:6281: result: ranlib
configure:6383: checking command to parse /usr/bin/nm -B output from icc object
configure:6536: icc -c -O3  conftest.c >&5
icc: remark #10441: The Intel(R) C++ Compiler Classic (ICC) is deprecated and will be removed from product release in the second half of 2023. The Intel(R) oneAPI DPC++/C++ Compiler (ICX) is the recommended compiler moving forward. Please transition to use this compiler. Use '-diag-disable=10441' to disable this message.
configure:6539: $? = 0
configure:6543: /usr/bin/nm -B conftest.o \| sed -n -e 's/^.*[ ]\([ABCDGIRSTW][ABCDGIRSTW]*\)[ ][ ]*\([_A-Za-z][_A-Za-z0-9]*\)$/\1 \2 \2/p' | sed '/ __gnu_lto/d' \> conftest.nm
configure:6546: $? = 0
configure:6612: icc -o conftest -O3  -parallel -qopenmp -qmkl conftest.c conftstm.o >&5
icc: remark #10441: The Intel(R) C++ Compiler Classic (ICC) is deprecated and will be removed from product release in the second half of 2023. The Intel(R) oneAPI DPC++/C++ Compiler (ICX) is the recommended compiler moving forward. Please transition to use this compiler. Use '-diag-disable=10441' to disable this message.
configure:6615: $? = 0
configure:6653: result: ok
configure:6700: checking for sysroot
configure:6730: result: no
configure:6737: checking for a working dd
configure:6775: result: /usr/bin/dd
configure:6779: checking how to truncate binary pipes
configure:6794: result: /usr/bin/dd bs=4096 count=1
configure:6930: icc -c -O3  conftest.c >&5
icc: remark #10441: The Intel(R) C++ Compiler Classic (ICC) is deprecated and will be removed from product release in the second half of 2023. The Intel(R) oneAPI DPC++/C++ Compiler (ICX) is the recommended compiler moving forward. Please transition to use this compiler. Use '-diag-disable=10441' to disable this message.
configure:6933: $? = 0
configure:7123: checking for mt
configure:7153: result: no
configure:7173: checking if : is a manifest tool
configure:7179: : '-?'
configure:7187: result: no
configure:7864: checking how to run the C preprocessor
configure:7895: icc -E  conftest.c
icc: remark #10441: The Intel(R) C++ Compiler Classic (ICC) is deprecated and will be removed from product release in the second half of 2023. The Intel(R) oneAPI DPC++/C++ Compiler (ICX) is the recommended compiler moving forward. Please transition to use this compiler. Use '-diag-disable=10441' to disable this message.
configure:7895: $? = 0
configure:7909: icc -E  conftest.c
icc: remark #10441: The Intel(R) C++ Compiler Classic (ICC) is deprecated and will be removed from product release in the second half of 2023. The Intel(R) oneAPI DPC++/C++ Compiler (ICX) is the recommended compiler moving forward. Please transition to use this compiler. Use '-diag-disable=10441' to disable this message.
conftest.c(11): error #2379: cannot open source file "conftest.c"
  #include <ac_nonexistent.h>
                             ^

configure:7909: $? = 2
configure: failed program was:
| /* confdefs.h */
| #define PACKAGE_NAME "libxc"
| #define PACKAGE_TARNAME "libxc"
| #define PACKAGE_VERSION "4.2.3"
| #define PACKAGE_STRING "libxc 4.2.3"
| #define PACKAGE_BUGREPORT "libxc@tddft.org"
| #define PACKAGE_URL "http://www.tddft.org/programs/Libxc"
| #define PACKAGE "libxc"
| #define VERSION "4.2.3"
| /* end confdefs.h.  */
| #include <ac_nonexistent.h>
configure:7934: result: icc -E
configure:7954: icc -E  conftest.c
icc: remark #10441: The Intel(R) C++ Compiler Classic (ICC) is deprecated and will be removed from product release in the second half of 2023. The Intel(R) oneAPI DPC++/C++ Compiler (ICX) is the recommended compiler moving forward. Please transition to use this compiler. Use '-diag-disable=10441' to disable this message.
configure:7954: $? = 0
configure:7968: icc -E  conftest.c
icc: remark #10441: The Intel(R) C++ Compiler Classic (ICC) is deprecated and will be removed from product release in the second half of 2023. The Intel(R) oneAPI DPC++/C++ Compiler (ICX) is the recommended compiler moving forward. Please transition to use this compiler. Use '-diag-disable=10441' to disable this message.
conftest.c(11): error #2379: cannot open source file "conftest.c"
  #include <ac_nonexistent.h>
                             ^

configure:7968: $? = 2
configure: failed program was:
| /* confdefs.h */
| #define PACKAGE_NAME "libxc"
| #define PACKAGE_TARNAME "libxc"
| #define PACKAGE_VERSION "4.2.3"
| #define PACKAGE_STRING "libxc 4.2.3"
| #define PACKAGE_BUGREPORT "libxc@tddft.org"
| #define PACKAGE_URL "http://www.tddft.org/programs/Libxc"
| #define PACKAGE "libxc"
| #define VERSION "4.2.3"
| /* end confdefs.h.  */
| #include <ac_nonexistent.h>
configure:7997: checking for ANSI C header files
configure:8017: icc -c -O3  conftest.c >&5
icc: remark #10441: The Intel(R) C++ Compiler Classic (ICC) is deprecated and will be removed from product release in the second half of 2023. The Intel(R) oneAPI DPC++/C++ Compiler (ICX) is the recommended compiler moving forward. Please transition to use this compiler. Use '-diag-disable=10441' to disable this message.
configure:8017: $? = 0
icc: remark #10441: The Intel(R) C++ Compiler Classic (ICC) is deprecated and will be removed from product release in the second half of 2023. The Intel(R) oneAPI DPC++/C++ Compiler (ICX) is the recommended compiler moving forward. Please transition to use this compiler. Use '-diag-disable=10441' to disable this message.
icc: remark #10441: The Intel(R) C++ Compiler Classic (ICC) is deprecated and will be removed from product release in the second half of 2023. The Intel(R) oneAPI DPC++/C++ Compiler (ICX) is the recommended compiler moving forward. Please transition to use this compiler. Use '-diag-disable=10441' to disable this message.
configure:8090: icc -o conftest -O3  -parallel -qopenmp -qmkl conftest.c  >&5
icc: remark #10441: The Intel(R) C++ Compiler Classic (ICC) is deprecated and will be removed from product release in the second half of 2023. The Intel(R) oneAPI DPC++/C++ Compiler (ICX) is the recommended compiler moving forward. Please transition to use this compiler. Use '-diag-disable=10441' to disable this message.
configure:8090: $? = 0
configure:8090: ./conftest
configure:8090: $? = 0
configure:8101: result: yes
configure:8114: checking for sys/types.h
configure:8114: icc -c -O3  conftest.c >&5
icc: remark #10441: The Intel(R) C++ Compiler Classic (ICC) is deprecated and will be removed from product release in the second half of 2023. The Intel(R) oneAPI DPC++/C++ Compiler (ICX) is the recommended compiler moving forward. Please transition to use this compiler. Use '-diag-disable=10441' to disable this message.
configure:8114: $? = 0
configure:8114: result: yes
configure:8114: checking for sys/stat.h
configure:8114: icc -c -O3  conftest.c >&5
icc: remark #10441: The Intel(R) C++ Compiler Classic (ICC) is deprecated and will be removed from product release in the second half of 2023. The Intel(R) oneAPI DPC++/C++ Compiler (ICX) is the recommended compiler moving forward. Please transition to use this compiler. Use '-diag-disable=10441' to disable this message.
configure:8114: $? = 0
configure:8114: result: yes
configure:8114: checking for stdlib.h
configure:8114: icc -c -O3  conftest.c >&5
icc: remark #10441: The Intel(R) C++ Compiler Classic (ICC) is deprecated and will be removed from product release in the second half of 2023. The Intel(R) oneAPI DPC++/C++ Compiler (ICX) is the recommended compiler moving forward. Please transition to use this compiler. Use '-diag-disable=10441' to disable this message.
configure:8114: $? = 0
configure:8114: result: yes
configure:8114: checking for string.h
configure:8114: icc -c -O3  conftest.c >&5
icc: remark #10441: The Intel(R) C++ Compiler Classic (ICC) is deprecated and will be removed from product release in the second half of 2023. The Intel(R) oneAPI DPC++/C++ Compiler (ICX) is the recommended compiler moving forward. Please transition to use this compiler. Use '-diag-disable=10441' to disable this message.
configure:8114: $? = 0
configure:8114: result: yes
configure:8114: checking for memory.h
configure:8114: icc -c -O3  conftest.c >&5
icc: remark #10441: The Intel(R) C++ Compiler Classic (ICC) is deprecated and will be removed from product release in the second half of 2023. The Intel(R) oneAPI DPC++/C++ Compiler (ICX) is the recommended compiler moving forward. Please transition to use this compiler. Use '-diag-disable=10441' to disable this message.
configure:8114: $? = 0
configure:8114: result: yes
configure:8114: checking for strings.h
configure:8114: icc -c -O3  conftest.c >&5
icc: remark #10441: The Intel(R) C++ Compiler Classic (ICC) is deprecated and will be removed from product release in the second half of 2023. The Intel(R) oneAPI DPC++/C++ Compiler (ICX) is the recommended compiler moving forward. Please transition to use this compiler. Use '-diag-disable=10441' to disable this message.
configure:8114: $? = 0
configure:8114: result: yes
configure:8114: checking for inttypes.h
configure:8114: icc -c -O3  conftest.c >&5
icc: remark #10441: The Intel(R) C++ Compiler Classic (ICC) is deprecated and will be removed from product release in the second half of 2023. The Intel(R) oneAPI DPC++/C++ Compiler (ICX) is the recommended compiler moving forward. Please transition to use this compiler. Use '-diag-disable=10441' to disable this message.
configure:8114: $? = 0
configure:8114: result: yes
configure:8114: checking for stdint.h
configure:8114: icc -c -O3  conftest.c >&5
icc: remark #10441: The Intel(R) C++ Compiler Classic (ICC) is deprecated and will be removed from product release in the second half of 2023. The Intel(R) oneAPI DPC++/C++ Compiler (ICX) is the recommended compiler moving forward. Please transition to use this compiler. Use '-diag-disable=10441' to disable this message.
configure:8114: $? = 0
configure:8114: result: yes
configure:8114: checking for unistd.h
configure:8114: icc -c -O3  conftest.c >&5
icc: remark #10441: The Intel(R) C++ Compiler Classic (ICC) is deprecated and will be removed from product release in the second half of 2023. The Intel(R) oneAPI DPC++/C++ Compiler (ICX) is the recommended compiler moving forward. Please transition to use this compiler. Use '-diag-disable=10441' to disable this message.
configure:8114: $? = 0
configure:8114: result: yes
configure:8128: checking for dlfcn.h
configure:8128: icc -c -O3  conftest.c >&5
icc: remark #10441: The Intel(R) C++ Compiler Classic (ICC) is deprecated and will be removed from product release in the second half of 2023. The Intel(R) oneAPI DPC++/C++ Compiler (ICX) is the recommended compiler moving forward. Please transition to use this compiler. Use '-diag-disable=10441' to disable this message.
configure:8128: $? = 0
configure:8128: result: yes
configure:8354: checking for objdir
configure:8369: result: .libs
configure:8633: checking if icc supports -fno-rtti -fno-exceptions
configure:8651: icc -c -O3  -fno-rtti -fno-exceptions conftest.c >&5
icc: remark #10441: The Intel(R) C++ Compiler Classic (ICC) is deprecated and will be removed from product release in the second half of 2023. The Intel(R) oneAPI DPC++/C++ Compiler (ICX) is the recommended compiler moving forward. Please transition to use this compiler. Use '-diag-disable=10441' to disable this message.
configure:8655: $? = 0
configure:8668: result: yes
configure:9026: checking for icc option to produce PIC
configure:9033: result: -fPIC -DPIC
configure:9041: checking if icc PIC flag -fPIC -DPIC works
configure:9059: icc -c -O3  -fPIC -DPIC -DPIC conftest.c >&5
icc: remark #10441: The Intel(R) C++ Compiler Classic (ICC) is deprecated and will be removed from product release in the second half of 2023. The Intel(R) oneAPI DPC++/C++ Compiler (ICX) is the recommended compiler moving forward. Please transition to use this compiler. Use '-diag-disable=10441' to disable this message.
configure:9063: $? = 0
configure:9076: result: yes
configure:9105: checking if icc static flag -static works
configure:9133: result: no
configure:9148: checking if icc supports -c -o file.o
configure:9169: icc -c -O3  -o out/conftest2.o conftest.c >&5
icc: remark #10441: The Intel(R) C++ Compiler Classic (ICC) is deprecated and will be removed from product release in the second half of 2023. The Intel(R) oneAPI DPC++/C++ Compiler (ICX) is the recommended compiler moving forward. Please transition to use this compiler. Use '-diag-disable=10441' to disable this message.
configure:9173: $? = 0
configure:9195: result: yes
configure:9203: checking if icc supports -c -o file.o
configure:9250: result: yes
configure:9283: checking whether the icc linker (/usr/bin/ld -m elf_x86_64) supports shared libraries
configure:10542: result: yes
configure:10782: checking dynamic linker characteristics
configure:11363: icc -o conftest -O3  -parallel -qopenmp -qmkl -Wl,-rpath -Wl,/foo conftest.c  >&5
icc: remark #10441: The Intel(R) C++ Compiler Classic (ICC) is deprecated and will be removed from product release in the second half of 2023. The Intel(R) oneAPI DPC++/C++ Compiler (ICX) is the recommended compiler moving forward. Please transition to use this compiler. Use '-diag-disable=10441' to disable this message.
configure:11363: $? = 0
configure:11600: result: GNU/Linux ld.so
configure:11722: checking how to hardcode library paths into programs
configure:11747: result: immediate
configure:12295: checking whether stripping libraries is possible
configure:12300: result: yes
configure:12335: checking if libtool supports shared libraries
configure:12337: result: yes
configure:12340: checking whether to build shared libraries
configure:12365: result: no
configure:12368: checking whether to build static libraries
configure:12372: result: yes
configure:12459: checking for gcc
configure:12486: result: icc
configure:12715: checking for C compiler version
configure:12724: icc --version >&5
icc (ICC) 2021.10.0 20230609
Copyright (C) 1985-2023 Intel Corporation.  All rights reserved.

icc: remark #10441: The Intel(R) C++ Compiler Classic (ICC) is deprecated and will be removed from product release in the second half of 2023. The Intel(R) oneAPI DPC++/C++ Compiler (ICX) is the recommended compiler moving forward. Please transition to use this compiler. Use '-diag-disable=10441' to disable this message.
configure:12735: $? = 0
configure:12724: icc -v >&5
icc: remark #10441: The Intel(R) C++ Compiler Classic (ICC) is deprecated and will be removed from product release in the second half of 2023. The Intel(R) oneAPI DPC++/C++ Compiler (ICX) is the recommended compiler moving forward. Please transition to use this compiler. Use '-diag-disable=10441' to disable this message.
icc version 2021.10.0 (gcc version 8.5.0 compatibility)
configure:12735: $? = 0
configure:12724: icc -V >&5
Intel(R) C Intel(R) 64 Compiler Classic for applications running on Intel(R) 64, Version 2021.10.0 Build 20230609_000000
Copyright (C) 1985-2023 Intel Corporation.  All rights reserved.

icc: remark #10441: The Intel(R) C++ Compiler Classic (ICC) is deprecated and will be removed from product release in the second half of 2023. The Intel(R) oneAPI DPC++/C++ Compiler (ICX) is the recommended compiler moving forward. Please transition to use this compiler. Use '-diag-disable=10441' to disable this message.
configure:12735: $? = 0
configure:12724: icc -qversion >&5
icc: remark #10441: The Intel(R) C++ Compiler Classic (ICC) is deprecated and will be removed from product release in the second half of 2023. The Intel(R) oneAPI DPC++/C++ Compiler (ICX) is the recommended compiler moving forward. Please transition to use this compiler. Use '-diag-disable=10441' to disable this message.
icc: command line warning #10006: ignoring unknown option '-qversion'
icc: command line error: no files specified; for help type "icc -help"
configure:12735: $? = 1
configure:12739: checking whether we are using the GNU C compiler
configure:12767: result: yes
configure:12776: checking whether icc accepts -g
configure:12837: result: yes
configure:12854: checking for icc option to accept ISO C89
configure:12930: result: none needed
configure:12955: checking whether icc understands -c and -o together
configure:12992: result: yes
configure:13011: checking dependency style of icc
configure:13122: result: gcc3
configure:13139: checking for inline
configure:13155: icc -c -O3  conftest.c >&5
icc: remark #10441: The Intel(R) C++ Compiler Classic (ICC) is deprecated and will be removed from product release in the second half of 2023. The Intel(R) oneAPI DPC++/C++ Compiler (ICX) is the recommended compiler moving forward. Please transition to use this compiler. Use '-diag-disable=10441' to disable this message.
configure:13155: $? = 0
configure:13163: result: inline
configure:13183: checking for ANSI C header files
configure:13287: result: yes
configure:13295: checking for size_t
configure:13295: icc -c -O3  conftest.c >&5
icc: remark #10441: The Intel(R) C++ Compiler Classic (ICC) is deprecated and will be removed from product release in the second half of 2023. The Intel(R) oneAPI DPC++/C++ Compiler (ICX) is the recommended compiler moving forward. Please transition to use this compiler. Use '-diag-disable=10441' to disable this message.
configure:13295: $? = 0
configure:13295: icc -c -O3  conftest.c >&5
icc: remark #10441: The Intel(R) C++ Compiler Classic (ICC) is deprecated and will be removed from product release in the second half of 2023. The Intel(R) oneAPI DPC++/C++ Compiler (ICX) is the recommended compiler moving forward. Please transition to use this compiler. Use '-diag-disable=10441' to disable this message.
conftest.c(60): error: expected an expression
  if (sizeof ((size_t)))
                      ^

compilation aborted for conftest.c (code 2)
configure:13295: $? = 2
configure: failed program was:
| /* confdefs.h */
| #define PACKAGE_NAME "libxc"
| #define PACKAGE_TARNAME "libxc"
| #define PACKAGE_VERSION "4.2.3"
| #define PACKAGE_STRING "libxc 4.2.3"
| #define PACKAGE_BUGREPORT "libxc@tddft.org"
| #define PACKAGE_URL "http://www.tddft.org/programs/Libxc"
| #define PACKAGE "libxc"
| #define VERSION "4.2.3"
| #define STDC_HEADERS 1
| #define HAVE_SYS_TYPES_H 1
| #define HAVE_SYS_STAT_H 1
| #define HAVE_STDLIB_H 1
| #define HAVE_STRING_H 1
| #define HAVE_MEMORY_H 1
| #define HAVE_STRINGS_H 1
| #define HAVE_INTTYPES_H 1
| #define HAVE_STDINT_H 1
| #define HAVE_UNISTD_H 1
| #define HAVE_DLFCN_H 1
| #define LT_OBJDIR ".libs/"
| #define STDC_HEADERS 1
| /* end confdefs.h.  */
| #include <stdio.h>
| #ifdef HAVE_SYS_TYPES_H
| # include <sys/types.h>
| #endif
| #ifdef HAVE_SYS_STAT_H
| # include <sys/stat.h>
| #endif
| #ifdef STDC_HEADERS
| # include <stdlib.h>
| # include <stddef.h>
| #else
| # ifdef HAVE_STDLIB_H
| #  include <stdlib.h>
| # endif
| #endif
| #ifdef HAVE_STRING_H
| # if !defined STDC_HEADERS && defined HAVE_MEMORY_H
| #  include <memory.h>
| # endif
| # include <string.h>
| #endif
| #ifdef HAVE_STRINGS_H
| # include <strings.h>
| #endif
| #ifdef HAVE_INTTYPES_H
| # include <inttypes.h>
| #endif
| #ifdef HAVE_STDINT_H
| # include <stdint.h>
| #endif
| #ifdef HAVE_UNISTD_H
| # include <unistd.h>
| #endif
| int
| main ()
| {
| if (sizeof ((size_t)))
| 	    return 0;
|   ;
|   return 0;
| }
configure:13295: result: yes
configure:13308: checking for working alloca.h
configure:13325: icc -o conftest -O3  -parallel -qopenmp -qmkl conftest.c  >&5
icc: remark #10441: The Intel(R) C++ Compiler Classic (ICC) is deprecated and will be removed from product release in the second half of 2023. The Intel(R) oneAPI DPC++/C++ Compiler (ICX) is the recommended compiler moving forward. Please transition to use this compiler. Use '-diag-disable=10441' to disable this message.
configure:13325: $? = 0
configure:13333: result: yes
configure:13341: checking for alloca
configure:13378: icc -o conftest -O3  -parallel -qopenmp -qmkl conftest.c  >&5
icc: remark #10441: The Intel(R) C++ Compiler Classic (ICC) is deprecated and will be removed from product release in the second half of 2023. The Intel(R) oneAPI DPC++/C++ Compiler (ICX) is the recommended compiler moving forward. Please transition to use this compiler. Use '-diag-disable=10441' to disable this message.
configure:13378: $? = 0
configure:13386: result: yes
configure:13498: checking size of void*
configure:13503: icc -o conftest -O3  -parallel -qopenmp -qmkl conftest.c  >&5
icc: remark #10441: The Intel(R) C++ Compiler Classic (ICC) is deprecated and will be removed from product release in the second half of 2023. The Intel(R) oneAPI DPC++/C++ Compiler (ICX) is the recommended compiler moving forward. Please transition to use this compiler. Use '-diag-disable=10441' to disable this message.
configure:13503: $? = 0
configure:13503: ./conftest
configure:13503: $? = 0
configure:13517: result: 8
configure:13529: checking for sqrtf in -lm
configure:13554: icc -o conftest -O3  -parallel -qopenmp -qmkl conftest.c -lm   >&5
icc: remark #10441: The Intel(R) C++ Compiler Classic (ICC) is deprecated and will be removed from product release in the second half of 2023. The Intel(R) oneAPI DPC++/C++ Compiler (ICX) is the recommended compiler moving forward. Please transition to use this compiler. Use '-diag-disable=10441' to disable this message.
configure:13554: $? = 0
configure:13563: result: yes
configure:13571: checking for cbrt in -lm
configure:13596: icc -o conftest -O3  -parallel -qopenmp -qmkl conftest.c -lm   >&5
icc: remark #10441: The Intel(R) C++ Compiler Classic (ICC) is deprecated and will be removed from product release in the second half of 2023. The Intel(R) oneAPI DPC++/C++ Compiler (ICX) is the recommended compiler moving forward. Please transition to use this compiler. Use '-diag-disable=10441' to disable this message.
configure:13596: $? = 0
configure:13605: result: yes
configure:13613: checking for cbrtf in -lm
configure:13638: icc -o conftest -O3  -parallel -qopenmp -qmkl conftest.c -lm   >&5
icc: remark #10441: The Intel(R) C++ Compiler Classic (ICC) is deprecated and will be removed from product release in the second half of 2023. The Intel(R) oneAPI DPC++/C++ Compiler (ICX) is the recommended compiler moving forward. Please transition to use this compiler. Use '-diag-disable=10441' to disable this message.
configure:13638: $? = 0
configure:13647: result: yes
configure:13655: checking for feenableexcept in -lm
configure:13680: icc -o conftest -O3  -parallel -qopenmp -qmkl conftest.c -lm   >&5
icc: remark #10441: The Intel(R) C++ Compiler Classic (ICC) is deprecated and will be removed from product release in the second half of 2023. The Intel(R) oneAPI DPC++/C++ Compiler (ICX) is the recommended compiler moving forward. Please transition to use this compiler. Use '-diag-disable=10441' to disable this message.
configure:13680: $? = 0
configure:13689: result: yes
configure:13838: checking for Fortran compiler version
configure:13847: ifort --version >&5
ifort (IFORT) 2021.10.0 20230609
Copyright (C) 1985-2023 Intel Corporation.  All rights reserved.

configure:13858: $? = 0
configure:13847: ifort -v >&5
ifort version 2021.10.0
configure:13858: $? = 0
configure:13847: ifort -V >&5
Intel(R) Fortran Intel(R) 64 Compiler Classic for applications running on Intel(R) 64, Version 2021.10.0 Build 20230609_000000
Copyright (C) 1985-2023 Intel Corporation.  All rights reserved.

configure:13858: $? = 0
configure:13847: ifort -qversion >&5
ifort: command line warning #10006: ignoring unknown option '-qversion'
ifort: command line error: no files specified; for help type "ifort -help"
configure:13858: $? = 1
configure:13867: checking whether we are using the GNU Fortran compiler
configure:13880: ifort -c -u -fpp1 -nbs -pc80 -pad -align -unroll-aggressive -O3 -ip -no-fp-port -mno-ieee-fp -vec-report0 -no-prec-div -parallel -qopenmp -qmkl  conftest.F >&5
ifort: command line remark #10128: invalid value '1' for '-fpp'; ignoring
ifort: command line remark #10148: option '-vec-report0' not supported
conftest.F(3): error #5082: Syntax error, found END-OF-STATEMENT when expecting one of: ( : % [ . = =>
       choke me
---------------^
conftest.F(3): error #6218: This statement is positioned incorrectly and/or has syntax errors.
       choke me
-------^
compilation aborted for conftest.F (code 1)
configure:13880: $? = 1
configure: failed program was:
|       program main
| #ifndef __GNUC__
|        choke me
| #endif
| 
|       end
configure:13889: result: no
configure:13895: checking whether ifort accepts -g
configure:13906: ifort -c -g  conftest.f >&5
configure:13906: $? = 0
configure:13914: result: yes
configure:14056: checking if libtool supports shared libraries
configure:14058: result: yes
configure:14061: checking whether to build shared libraries
configure:14085: result: no
configure:14088: checking whether to build static libraries
configure:14092: result: yes
configure:14126: ifort -c -u -fpp1 -nbs -pc80 -pad -align -unroll-aggressive -O3 -ip -no-fp-port -mno-ieee-fp -vec-report0 -no-prec-div -parallel -qopenmp -qmkl  conftest.f >&5
ifort: command line remark #10128: invalid value '1' for '-fpp'; ignoring
ifort: command line remark #10148: option '-vec-report0' not supported
configure:14129: $? = 0
configure:14607: checking for ifort option to produce PIC
configure:14614: result: -fPIC
configure:14622: checking if ifort PIC flag -fPIC works
configure:14640: ifort -c -u -fpp1 -nbs -pc80 -pad -align -unroll-aggressive -O3 -ip -no-fp-port -mno-ieee-fp -vec-report0 -no-prec-div -parallel -qopenmp -qmkl -fPIC  conftest.f >&5
ifort: command line remark #10128: invalid value '1' for '-fpp'; ignoring
ifort: command line remark #10148: option '-vec-report0' not supported
configure:14644: $? = 0
configure:14657: result: yes
configure:14680: checking if ifort static flag -static works
configure:14708: result: no
configure:14720: checking if ifort supports -c -o file.o
configure:14741: ifort -c -u -fpp1 -nbs -pc80 -pad -align -unroll-aggressive -O3 -ip -no-fp-port -mno-ieee-fp -vec-report0 -no-prec-div -parallel -qopenmp -qmkl -o out/conftest2.o  conftest.f >&5
ifort: command line remark #10128: invalid value '1' for '-fpp'; ignoring
ifort: command line remark #10148: option '-vec-report0' not supported
configure:14745: $? = 0
configure:14767: result: yes
configure:14772: checking if ifort supports -c -o file.o
configure:14819: result: yes
configure:14849: checking whether the ifort linker (/usr/bin/ld -m elf_x86_64) supports shared libraries
configure:16058: result: yes
configure:16199: checking dynamic linker characteristics
configure:16938: result: GNU/Linux ld.so
configure:17003: checking how to hardcode library paths into programs
configure:17028: result: immediate
configure:17074: checking for Fortran flag to compile .f90 files
configure:17094: ifort -c -u -fpp1 -nbs -pc80 -pad -align -unroll-aggressive -O3 -ip -no-fp-port -mno-ieee-fp -vec-report0 -no-prec-div -parallel -qopenmp -qmkl  conftest.f90 >&5
ifort: command line remark #10128: invalid value '1' for '-fpp'; ignoring
ifort: command line remark #10148: option '-vec-report0' not supported
configure:17094: $? = 0
configure:17103: result: none
configure:17200: Using FCFLAGS="-u -fpp1 -nbs -pc80 -pad -align -unroll-aggressive -O3 -ip -no-fp-port -mno-ieee-fp -vec-report0 -no-prec-div -parallel -qopenmp -qmkl"
configure:17214: checking whether /lib/cpp is usable for Fortran preprocessing
configure:17288: result: preprocessor mangles C++ style comment
configure:17214: checking whether /lib/cpp -ansi is usable for Fortran preprocessing
configure:17295: result: yes
configure:17316: checking how to get verbose linking output from ifort
configure:17326: ifort -c -u -fpp1 -nbs -pc80 -pad -align -unroll-aggressive -O3 -ip -no-fp-port -mno-ieee-fp -vec-report0 -no-prec-div -parallel -qopenmp -qmkl  conftest.f90 >&5
ifort: command line remark #10128: invalid value '1' for '-fpp'; ignoring
ifort: command line remark #10148: option '-vec-report0' not supported
configure:17326: $? = 0
configure:17344: ifort -o conftest -u -fpp1 -nbs -pc80 -pad -align -unroll-aggressive -O3 -ip -no-fp-port -mno-ieee-fp -vec-report0 -no-prec-div -parallel -qopenmp -qmkl -v -parallel -qopenmp -qmkl conftest.f90
ifort: command line remark #10128: invalid value '1' for '-fpp'; ignoring
ifort: command line remark #10148: option '-vec-report0' not supported
ifort version 2021.10.0
/opt_global/software/intel/oneapi/compiler/2023.2.1/linux/bin/intel64/../../bin/intel64/fpp    -D__INTEL_COMPILER=2021 -D__INTEL_COMPILER_UPDATE=10 -D__unix__ -D__unix -D__linux__ -D__linux -D__gnu_linux__ -Dunix -Dlinux -D__ELF__ -D__x86_64 -D__x86_64__ -D__amd64 -D__amd64__ -D__INTEL_COMPILER_BUILD_DATE=20230609 -D_OPENMP=201611 -D__INTEL_OFFLOAD -D__MMX__ -D__SSE__ -D__SSE_MATH__ -D__SSE2__ -D__SSE2_MATH__ -D__pentium4 -D__pentium4__ -D__tune_pentium4__ -I. -I/opt_global/software/intel/oneapi/mkl/2023.2.0/include/intel64/lp64 -I/opt_global/software/intel/oneapi/mkl/2023.2.0/include -I/opt_global/software/intel/oneapi/mkl/2023.2.0/include -I/opt_global/software/intel/oneapi/tbb/2021.10.0/include -I/opt_global/software/intel/oneapi/compiler/2023.2.1/linux/bin/intel64/../../compiler/include/intel64 -I/opt_global/software/intel/oneapi/compiler/2023.2.1/linux/bin/intel64/../../compiler/include/icc -I/opt_global/software/intel/oneapi/compiler/2023.2.1/linux/bin/intel64/../../compiler/include -I/usr/local/include -I/usr/lib/gcc/x86_64-redhat-linux/8/include -I/usr/include/ -I/usr/include -free -4Ycpp -4Ncvf -f_com=yes -MX conftest.f90 /tmp/ifort7l45gk.i90
#include "..." search starts here:
#include <...> search starts here:
 .
 /opt_global/software/intel/oneapi/mkl/2023.2.0/include/intel64/lp64
 /opt_global/software/intel/oneapi/mkl/2023.2.0/include
 /opt_global/software/intel/oneapi/mkl/2023.2.0/include
 /opt_global/software/intel/oneapi/tbb/2021.10.0/include
 /opt_global/software/intel/oneapi/compiler/2023.2.1/linux/bin/intel64/../../compiler/include/intel64
 /opt_global/software/intel/oneapi/compiler/2023.2.1/linux/bin/intel64/../../compiler/include/icc
 /opt_global/software/intel/oneapi/compiler/2023.2.1/linux/bin/intel64/../../compiler/include
 /usr/local/include
 /usr/lib/gcc/x86_64-redhat-linux/8/include
 /usr/include/
 /usr/include
End of search list.
/opt_global/software/intel/oneapi/compiler/2023.2.1/linux/bin/intel64/../../bin/intel64/fortcom    -D__INTEL_COMPILER=2021 -D__INTEL_COMPILER_UPDATE=10 -D__unix__ -D__unix -D__linux__ -D__linux -D__gnu_linux__ -Dunix -Dlinux -D__ELF__ -D__x86_64 -D__x86_64__ -D__amd64 -D__amd64__ -D__INTEL_COMPILER_BUILD_DATE=20230609 -D_OPENMP=201611 -D__INTEL_OFFLOAD -D__MMX__ -D__SSE__ -D__SSE_MATH__ -D__SSE2__ -D__SSE2_MATH__ -D__pentium4 -D__pentium4__ -D__tune_pentium4__ -I. -I/opt_global/software/intel/oneapi/mkl/2023.2.0/include/intel64/lp64 -I/opt_global/software/intel/oneapi/mkl/2023.2.0/include -I/opt_global/software/intel/oneapi/mkl/2023.2.0/include -I/opt_global/software/intel/oneapi/tbb/2021.10.0/include -I/opt_global/software/intel/oneapi/compiler/2023.2.1/linux/bin/intel64/../../compiler/include/intel64 -I/opt_global/software/intel/oneapi/compiler/2023.2.1/linux/bin/intel64/../../compiler/include/icc -I/opt_global/software/intel/oneapi/compiler/2023.2.1/linux/bin/intel64/../../compiler/include -I/usr/local/include -I/usr/lib/gcc/x86_64-redhat-linux/8/include -I/usr/include/ -I/usr/include "-align records" "-align all" "-assume nobscc" -automatic "-fp_modbits no_prec_div" -omp -omp_simd -parallel -O3 "-reentrancy threaded" "-warn declarations" -simd -offload_host -mGLOB_em64t=TRUE -mP1OPT_version=2021.10.0-intel64 -mGLOB_diag_file=/tmp/ifortzT8xBk.diag -mGLOB_long_size_64 -mGLOB_routine_pointer_size_64 -mGLOB_source_language=GLOB_SOURCE_LANGUAGE_F90 -mP2OPT_static_promotion -mGLOB_pack_sort_init_list -mP1OPT_print_version=FALSE -mCG_use_gas_got_workaround=F -mP2OPT_align_option_used=TRUE -mGLOB_gcc_version=850 "-mGLOB_options_string=-o conftest -u -fpp1 -nbs -pc80 -pad -align -unroll-aggressive -O3 -ip -no-fp-port -mno-ieee-fp -vec-report0 -no-prec-div -parallel -qopenmp -qmkl -v -parallel -qopenmp -qmkl" -mGLOB_cxx_limited_range=FALSE -mCG_extend_parms=FALSE -mGLOB_compiler_bin_directory=/opt_global/software/intel/oneapi/compiler/2023.2.1/linux/bin/intel64/../../bin/intel64 -mGLOB_as_output_backup_file_name=/tmp/ifortkgTeUhas_.s -mGLOB_dashboard_use_source_name -mP1OPT_fpsetmask_arg=0xffff137f -mIPOPT_activate -mGLOB_uarch_tuning=0x0 -mGLOB_product_id_code=0x22006d91 -mCG_bnl_movbe=T -mP2OPT_pad_local -mP3OPT_use_mspp_call_convention -mP2OPT_fdiv_opt=1 -mP2OPT_subs_out_of_bound=FALSE -mP2OPT_disam_type_based_disam=2 -mGLOB_ansi_alias -mPGOPTI_value_profile_use=T -mGLOB_opt_report_use_source_name -mPAROPT_openmp=TRUE -mP2OPT_hpo_omp_simd_only=FALSE -mP2OPT_hlo_matmul -mGLOB_offload_mode=1 -mGLOB_offload_no_openmp=TRUE -mP2OPT_offload_unique_var_string=ifort2066168146WIFdUi -mGLOB_opt_level=3 -mP2OPT_hlo_level=3 -mP2OPT_hlo -mPAROPT_concurrentize=TRUE -mP2OPT_hpo_threadizer=TRUE -mP2OPT_hpo_rtt_control=0 -mP2OPT_hlo_unroll_aggressive -mIPOPT_args_in_regs=0 -mP2OPT_disam_assume_nonstd_intent_in=FALSE -mGLOB_imf_mapping_library=/opt_global/software/intel/oneapi/compiler/2023.2.1/linux/bin/intel64/../../bin/intel64/libiml_attr.so -mIPOPT_single_file_compile_and_link=TRUE -mPGOPTI_gen_threadsafe_level=0 -mIPOPT_lto_object_enabled -mIPOPT_lto_object_value=1 -mIPOPT_obj_output_file_name=/tmp/ifortzT8xBk.o -mIPOPT_whole_archive_fixup_file_name=/tmp/ifortwarchwQ3GUi -mGLOB_linker_version=2.30 -mGLOB_linker=ld -mGLOB_driver_tempfile_name=/tmp/iforttempfileW30vHj -mP3OPT_asm_target=P3OPT_ASM_TARGET_GAS -mGLOB_async_unwind_tables=TRUE -mGLOB_obj_output_file=/tmp/ifortzT8xBk.o -mGLOB_source_dialect=GLOB_SOURCE_DIALECT_FORTRAN -mP1OPT_source_file_name=conftest.f90 -mP1OPT_full_source_file_name=/home/mgimferrer/APOST3D.4-PGO/libxc-4.2.3/conftest.f90 -mP2OPT_symtab_type_copy=true /tmp/ifort7l45gk.i90
#include "..." search starts here:
#include <...> search starts here:
 .
 /opt_global/software/intel/oneapi/mkl/2023.2.0/include/intel64/lp64
 /opt_global/software/intel/oneapi/mkl/2023.2.0/include
 /opt_global/software/intel/oneapi/mkl/2023.2.0/include
 /opt_global/software/intel/oneapi/tbb/2021.10.0/include
 /opt_global/software/intel/oneapi/compiler/2023.2.1/linux/bin/intel64/../../compiler/include/intel64
 /opt_global/software/intel/oneapi/compiler/2023.2.1/linux/bin/intel64/../../compiler/include/icc
 /opt_global/software/intel/oneapi/compiler/2023.2.1/linux/bin/intel64/../../compiler/include
 /usr/local/include
 /usr/lib/gcc/x86_64-redhat-linux/8/include
 /usr/include/
 /usr/include
End of search list.
ld    /usr/lib/gcc/x86_64-redhat-linux/8/../../../../lib64/crt1.o /usr/lib/gcc/x86_64-redhat-linux/8/../../../../lib64/crti.o /usr/lib/gcc/x86_64-redhat-linux/8/crtbegin.o --eh-frame-hdr --build-id -dynamic-linker /lib64/ld-linux-x86-64.so.2 -m elf_x86_64 -plugin /opt_global/software/intel/oneapi/compiler/2023.2.1/linux/bin/intel64/../../bin/intel64/../../lib/icx-lto.so -o conftest /opt_global/software/intel/oneapi/compiler/2023.2.1/linux/bin/intel64/../../compiler/lib/intel64_lin/for_main.o -L/opt_global/software/intel/oneapi/mkl/2023.2.0/lib/intel64 -L/opt_global/software/intel/oneapi/compiler/2023.2.1/linux/lib -L/opt_global/software/intel/oneapi/tbb/2021.10.0/lib/intel64/gcc4.8 -L/opt_global/software/intel/oneapi/compiler/2023.2.1/linux/bin/intel64/../../compiler/lib/intel64_lin -L/opt_global/software/intel/oneapi/mkl/2023.2.0/lib/intel64 -L/usr/lib/gcc/x86_64-redhat-linux/8/ -L/usr/lib/gcc/x86_64-redhat-linux/8/../../../../lib64 -L/usr/lib/gcc/x86_64-redhat-linux/8/../../../../lib64/ -L/lib/../lib64 -L/lib/../lib64/ -L/usr/lib/../lib64 -L/usr/lib/../lib64/ -L/opt_global/software/intel/oneapi/mkl/2023.2.0/lib/intel64/ -L/opt_global/software/intel/oneapi/compiler/2023.2.1/linux/lib/ -L/opt_global/software/intel/oneapi/tbb/2021.10.0/lib/intel64/gcc4.8/ -L/usr/lib/gcc/x86_64-redhat-linux/8/../../../ -L/lib64 -L/lib/ -L/usr/lib64 -L/usr/lib --start-group -lmkl_intel_lp64 -lmkl_intel_thread -lmkl_core -liomp5 --end-group -Bdynamic --start-group -lmkl_intel_lp64 -lmkl_intel_thread -lmkl_core -liomp5 --end-group -Bdynamic /tmp/ifortzT8xBk.o --start-group -lmkl_intel_lp64 -lmkl_intel_thread -lmkl_core -liomp5 --end-group -Bdynamic -Bstatic -lifport -lifcoremt -limf -lsvml -lmatmul -Bdynamic -lm -Bstatic -lipgo -Bdynamic -liomp5 -Bstatic -lirc -Bdynamic -lpthread -Bstatic -lsvml -Bdynamic -lc -lgcc -lgcc_s -Bstatic -lirc_s -Bdynamic -ldl -lc /usr/lib/gcc/x86_64-redhat-linux/8/crtend.o /usr/lib/gcc/x86_64-redhat-linux/8/../../../../lib64/crtn.o
configure:17427: result: -v
configure:17429: checking for Fortran libraries of ifort
configure:17452: ifort -o conftest -u -fpp1 -nbs -pc80 -pad -align -unroll-aggressive -O3 -ip -no-fp-port -mno-ieee-fp -vec-report0 -no-prec-div -parallel -qopenmp -qmkl -v -parallel -qopenmp -qmkl conftest.f90
ifort: command line remark #10128: invalid value '1' for '-fpp'; ignoring
ifort: command line remark #10148: option '-vec-report0' not supported
ifort version 2021.10.0
/opt_global/software/intel/oneapi/compiler/2023.2.1/linux/bin/intel64/../../bin/intel64/fpp    -D__INTEL_COMPILER=2021 -D__INTEL_COMPILER_UPDATE=10 -D__unix__ -D__unix -D__linux__ -D__linux -D__gnu_linux__ -Dunix -Dlinux -D__ELF__ -D__x86_64 -D__x86_64__ -D__amd64 -D__amd64__ -D__INTEL_COMPILER_BUILD_DATE=20230609 -D_OPENMP=201611 -D__INTEL_OFFLOAD -D__MMX__ -D__SSE__ -D__SSE_MATH__ -D__SSE2__ -D__SSE2_MATH__ -D__pentium4 -D__pentium4__ -D__tune_pentium4__ -I. -I/opt_global/software/intel/oneapi/mkl/2023.2.0/include/intel64/lp64 -I/opt_global/software/intel/oneapi/mkl/2023.2.0/include -I/opt_global/software/intel/oneapi/mkl/2023.2.0/include -I/opt_global/software/intel/oneapi/tbb/2021.10.0/include -I/opt_global/software/intel/oneapi/compiler/2023.2.1/linux/bin/intel64/../../compiler/include/intel64 -I/opt_global/software/intel/oneapi/compiler/2023.2.1/linux/bin/intel64/../../compiler/include/icc -I/opt_global/software/intel/oneapi/compiler/2023.2.1/linux/bin/intel64/../../compiler/include -I/usr/local/include -I/usr/lib/gcc/x86_64-redhat-linux/8/include -I/usr/include/ -I/usr/include -free -4Ycpp -4Ncvf -f_com=yes -MX conftest.f90 /tmp/ifortUG11rW.i90
#include "..." search starts here:
#include <...> search starts here:
 .
 /opt_global/software/intel/oneapi/mkl/2023.2.0/include/intel64/lp64
 /opt_global/software/intel/oneapi/mkl/2023.2.0/include
 /opt_global/software/intel/oneapi/mkl/2023.2.0/include
 /opt_global/software/intel/oneapi/tbb/2021.10.0/include
 /opt_global/software/intel/oneapi/compiler/2023.2.1/linux/bin/intel64/../../compiler/include/intel64
 /opt_global/software/intel/oneapi/compiler/2023.2.1/linux/bin/intel64/../../compiler/include/icc
 /opt_global/software/intel/oneapi/compiler/2023.2.1/linux/bin/intel64/../../compiler/include
 /usr/local/include
 /usr/lib/gcc/x86_64-redhat-linux/8/include
 /usr/include/
 /usr/include
End of search list.
/opt_global/software/intel/oneapi/compiler/2023.2.1/linux/bin/intel64/../../bin/intel64/fortcom    -D__INTEL_COMPILER=2021 -D__INTEL_COMPILER_UPDATE=10 -D__unix__ -D__unix -D__linux__ -D__linux -D__gnu_linux__ -Dunix -Dlinux -D__ELF__ -D__x86_64 -D__x86_64__ -D__amd64 -D__amd64__ -D__INTEL_COMPILER_BUILD_DATE=20230609 -D_OPENMP=201611 -D__INTEL_OFFLOAD -D__MMX__ -D__SSE__ -D__SSE_MATH__ -D__SSE2__ -D__SSE2_MATH__ -D__pentium4 -D__pentium4__ -D__tune_pentium4__ -I. -I/opt_global/software/intel/oneapi/mkl/2023.2.0/include/intel64/lp64 -I/opt_global/software/intel/oneapi/mkl/2023.2.0/include -I/opt_global/software/intel/oneapi/mkl/2023.2.0/include -I/opt_global/software/intel/oneapi/tbb/2021.10.0/include -I/opt_global/software/intel/oneapi/compiler/2023.2.1/linux/bin/intel64/../../compiler/include/intel64 -I/opt_global/software/intel/oneapi/compiler/2023.2.1/linux/bin/intel64/../../compiler/include/icc -I/opt_global/software/intel/oneapi/compiler/2023.2.1/linux/bin/intel64/../../compiler/include -I/usr/local/include -I/usr/lib/gcc/x86_64-redhat-linux/8/include -I/usr/include/ -I/usr/include "-align records" "-align all" "-assume nobscc" -automatic "-fp_modbits no_prec_div" -omp -omp_simd -parallel -O3 "-reentrancy threaded" "-warn declarations" -simd -offload_host -mGLOB_em64t=TRUE -mP1OPT_version=2021.10.0-intel64 -mGLOB_diag_file=/tmp/iforta7QaIU.diag -mGLOB_long_size_64 -mGLOB_routine_pointer_size_64 -mGLOB_source_language=GLOB_SOURCE_LANGUAGE_F90 -mP2OPT_static_promotion -mGLOB_pack_sort_init_list -mP1OPT_print_version=FALSE -mCG_use_gas_got_workaround=F -mP2OPT_align_option_used=TRUE -mGLOB_gcc_version=850 "-mGLOB_options_string=-o conftest -u -fpp1 -nbs -pc80 -pad -align -unroll-aggressive -O3 -ip -no-fp-port -mno-ieee-fp -vec-report0 -no-prec-div -parallel -qopenmp -qmkl -v -parallel -qopenmp -qmkl" -mGLOB_cxx_limited_range=FALSE -mCG_extend_parms=FALSE -mGLOB_compiler_bin_directory=/opt_global/software/intel/oneapi/compiler/2023.2.1/linux/bin/intel64/../../bin/intel64 -mGLOB_as_output_backup_file_name=/tmp/ifortemquUUas_.s -mGLOB_dashboard_use_source_name -mP1OPT_fpsetmask_arg=0xffff137f -mIPOPT_activate -mGLOB_uarch_tuning=0x0 -mGLOB_product_id_code=0x22006d91 -mCG_bnl_movbe=T -mP2OPT_pad_local -mP3OPT_use_mspp_call_convention -mP2OPT_fdiv_opt=1 -mP2OPT_subs_out_of_bound=FALSE -mP2OPT_disam_type_based_disam=2 -mGLOB_ansi_alias -mPGOPTI_value_profile_use=T -mGLOB_opt_report_use_source_name -mPAROPT_openmp=TRUE -mP2OPT_hpo_omp_simd_only=FALSE -mP2OPT_hlo_matmul -mGLOB_offload_mode=1 -mGLOB_offload_no_openmp=TRUE -mP2OPT_offload_unique_var_string=ifort1490202228MA2MHV -mGLOB_opt_level=3 -mP2OPT_hlo_level=3 -mP2OPT_hlo -mPAROPT_concurrentize=TRUE -mP2OPT_hpo_threadizer=TRUE -mP2OPT_hpo_rtt_control=0 -mP2OPT_hlo_unroll_aggressive -mIPOPT_args_in_regs=0 -mP2OPT_disam_assume_nonstd_intent_in=FALSE -mGLOB_imf_mapping_library=/opt_global/software/intel/oneapi/compiler/2023.2.1/linux/bin/intel64/../../bin/intel64/libiml_attr.so -mIPOPT_single_file_compile_and_link=TRUE -mPGOPTI_gen_threadsafe_level=0 -mIPOPT_lto_object_enabled -mIPOPT_lto_object_value=1 -mIPOPT_obj_output_file_name=/tmp/iforta7QaIU.o -mIPOPT_whole_archive_fixup_file_name=/tmp/ifortwarchcl65rU -mGLOB_linker_version=2.30 -mGLOB_linker=ld -mGLOB_driver_tempfile_name=/tmp/iforttempfilei6ST7R -mP3OPT_asm_target=P3OPT_ASM_TARGET_GAS -mGLOB_async_unwind_tables=TRUE -mGLOB_obj_output_file=/tmp/iforta7QaIU.o -mGLOB_source_dialect=GLOB_SOURCE_DIALECT_FORTRAN -mP1OPT_source_file_name=conftest.f90 -mP1OPT_full_source_file_name=/home/mgimferrer/APOST3D.4-PGO/libxc-4.2.3/conftest.f90 -mP2OPT_symtab_type_copy=true /tmp/ifortUG11rW.i90
#include "..." search starts here:
#include <...> search starts here:
 .
 /opt_global/software/intel/oneapi/mkl/2023.2.0/include/intel64/lp64
 /opt_global/software/intel/oneapi/mkl/2023.2.0/include
 /opt_global/software/intel/oneapi/mkl/2023.2.0/include
 /opt_global/software/intel/oneapi/tbb/2021.10.0/include
 /opt_global/software/intel/oneapi/compiler/2023.2.1/linux/bin/intel64/../../compiler/include/intel64
 /opt_global/software/intel/oneapi/compiler/2023.2.1/linux/bin/intel64/../../compiler/include/icc
 /opt_global/software/intel/oneapi/compiler/2023.2.1/linux/bin/intel64/../../compiler/include
 /usr/local/include
 /usr/lib/gcc/x86_64-redhat-linux/8/include
 /usr/include/
 /usr/include
End of search list.
ld    /usr/lib/gcc/x86_64-redhat-linux/8/../../../../lib64/crt1.o /usr/lib/gcc/x86_64-redhat-linux/8/../../../../lib64/crti.o /usr/lib/gcc/x86_64-redhat-linux/8/crtbegin.o --eh-frame-hdr --build-id -dynamic-linker /lib64/ld-linux-x86-64.so.2 -m elf_x86_64 -plugin /opt_global/software/intel/oneapi/compiler/2023.2.1/linux/bin/intel64/../../bin/intel64/../../lib/icx-lto.so -o conftest /opt_global/software/intel/oneapi/compiler/2023.2.1/linux/bin/intel64/../../compiler/lib/intel64_lin/for_main.o -L/opt_global/software/intel/oneapi/mkl/2023.2.0/lib/intel64 -L/opt_global/software/intel/oneapi/compiler/2023.2.1/linux/lib -L/opt_global/software/intel/oneapi/tbb/2021.10.0/lib/intel64/gcc4.8 -L/opt_global/software/intel/oneapi/compiler/2023.2.1/linux/bin/intel64/../../compiler/lib/intel64_lin -L/opt_global/software/intel/oneapi/mkl/2023.2.0/lib/intel64 -L/usr/lib/gcc/x86_64-redhat-linux/8/ -L/usr/lib/gcc/x86_64-redhat-linux/8/../../../../lib64 -L/usr/lib/gcc/x86_64-redhat-linux/8/../../../../lib64/ -L/lib/../lib64 -L/lib/../lib64/ -L/usr/lib/../lib64 -L/usr/lib/../lib64/ -L/opt_global/software/intel/oneapi/mkl/2023.2.0/lib/intel64/ -L/opt_global/software/intel/oneapi/compiler/2023.2.1/linux/lib/ -L/opt_global/software/intel/oneapi/tbb/2021.10.0/lib/intel64/gcc4.8/ -L/usr/lib/gcc/x86_64-redhat-linux/8/../../../ -L/lib64 -L/lib/ -L/usr/lib64 -L/usr/lib --start-group -lmkl_intel_lp64 -lmkl_intel_thread -lmkl_core -liomp5 --end-group -Bdynamic --start-group -lmkl_intel_lp64 -lmkl_intel_thread -lmkl_core -liomp5 --end-group -Bdynamic /tmp/iforta7QaIU.o --start-group -lmkl_intel_lp64 -lmkl_intel_thread -lmkl_core -liomp5 --end-group -Bdynamic -Bstatic -lifport -lifcoremt -limf -lsvml -lmatmul -Bdynamic -lm -Bstatic -lipgo -Bdynamic -liomp5 -Bstatic -lirc -Bdynamic -lpthread -Bstatic -lsvml -Bdynamic -lc -lgcc -lgcc_s -Bstatic -lirc_s -Bdynamic -ldl -lc /usr/lib/gcc/x86_64-redhat-linux/8/crtend.o /usr/lib/gcc/x86_64-redhat-linux/8/../../../../lib64/crtn.o
configure:17648: result:  -L/opt_global/software/intel/oneapi/mkl/2023.2.0/lib/intel64 -L/opt_global/software/intel/oneapi/compiler/2023.2.1/linux/lib -L/opt_global/software/intel/oneapi/tbb/2021.10.0/lib/intel64/gcc4.8 -L/opt_global/software/intel/oneapi/compiler/2023.2.1/linux/bin/intel64/../../compiler/lib/intel64_lin -L/usr/lib/gcc/x86_64-redhat-linux/8/ -L/usr/lib/gcc/x86_64-redhat-linux/8/../../../../lib64 -L/usr/lib/gcc/x86_64-redhat-linux/8/../../../../lib64/ -L/lib/../lib64 -L/lib/../lib64/ -L/usr/lib/../lib64 -L/usr/lib/../lib64/ -L/opt_global/software/intel/oneapi/mkl/2023.2.0/lib/intel64/ -L/opt_global/software/intel/oneapi/compiler/2023.2.1/linux/lib/ -L/opt_global/software/intel/oneapi/tbb/2021.10.0/lib/intel64/gcc4.8/ -L/usr/lib/gcc/x86_64-redhat-linux/8/../../../ -L/lib64 -L/lib/ -L/usr/lib64 -L/usr/lib -lmkl_intel_lp64 -lmkl_intel_thread -lmkl_core -liomp5 -lifport -lifcoremt -limf -lsvml -lmatmul -lm -lipgo -lirc -lpthread -lirc_s -ldl
configure:17663: checking for dummy main to link with Fortran libraries
configure:17697: icc -o conftest -O3  -parallel -qopenmp -qmkl conftest.c   -L/opt_global/software/intel/oneapi/mkl/2023.2.0/lib/intel64 -L/opt_global/software/intel/oneapi/compiler/2023.2.1/linux/lib -L/opt_global/software/intel/oneapi/tbb/2021.10.0/lib/intel64/gcc4.8 -L/opt_global/software/intel/oneapi/compiler/2023.2.1/linux/bin/intel64/../../compiler/lib/intel64_lin -L/usr/lib/gcc/x86_64-redhat-linux/8/ -L/usr/lib/gcc/x86_64-redhat-linux/8/../../../../lib64 -L/usr/lib/gcc/x86_64-redhat-linux/8/../../../../lib64/ -L/lib/../lib64 -L/lib/../lib64/ -L/usr/lib/../lib64 -L/usr/lib/../lib64/ -L/opt_global/software/intel/oneapi/mkl/2023.2.0/lib/intel64/ -L/opt_global/software/intel/oneapi/compiler/2023.2.1/linux/lib/ -L/opt_global/software/intel/oneapi/tbb/2021.10.0/lib/intel64/gcc4.8/ -L/usr/lib/gcc/x86_64-redhat-linux/8/../../../ -L/lib64 -L/lib/ -L/usr/lib64 -L/usr/lib -lmkl_intel_lp64 -lmkl_intel_thread -lmkl_core -liomp5 -lifport -lifcoremt -limf -lsvml -lmatmul -lm -lipgo -lirc -lpthread -lirc_s -ldl >&5
icc: remark #10441: The Intel(R) C++ Compiler Classic (ICC) is deprecated and will be removed from product release in the second half of 2023. The Intel(R) oneAPI DPC++/C++ Compiler (ICX) is the recommended compiler moving forward. Please transition to use this compiler. Use '-diag-disable=10441' to disable this message.
configure:17697: $? = 0
configure:17742: result: none
configure:17774: checking for Fortran name-mangling scheme
configure:17787: ifort -c -u -fpp1 -nbs -pc80 -pad -align -unroll-aggressive -O3 -ip -no-fp-port -mno-ieee-fp -vec-report0 -no-prec-div -parallel -qopenmp -qmkl  conftest.f90 >&5
ifort: command line remark #10128: invalid value '1' for '-fpp'; ignoring
ifort: command line remark #10148: option '-vec-report0' not supported
configure:17787: $? = 0
configure:17828: icc -o conftest -O3  -parallel -qopenmp -qmkl conftest.c cfortran_test.o   -L/opt_global/software/intel/oneapi/mkl/2023.2.0/lib/intel64 -L/opt_global/software/intel/oneapi/compiler/2023.2.1/linux/lib -L/opt_global/software/intel/oneapi/tbb/2021.10.0/lib/intel64/gcc4.8 -L/opt_global/software/intel/oneapi/compiler/2023.2.1/linux/bin/intel64/../../compiler/lib/intel64_lin -L/usr/lib/gcc/x86_64-redhat-linux/8/ -L/usr/lib/gcc/x86_64-redhat-linux/8/../../../../lib64 -L/usr/lib/gcc/x86_64-redhat-linux/8/../../../../lib64/ -L/lib/../lib64 -L/lib/../lib64/ -L/usr/lib/../lib64 -L/usr/lib/../lib64/ -L/opt_global/software/intel/oneapi/mkl/2023.2.0/lib/intel64/ -L/opt_global/software/intel/oneapi/compiler/2023.2.1/linux/lib/ -L/opt_global/software/intel/oneapi/tbb/2021.10.0/lib/intel64/gcc4.8/ -L/usr/lib/gcc/x86_64-redhat-linux/8/../../../ -L/lib64 -L/lib/ -L/usr/lib64 -L/usr/lib -lmkl_intel_lp64 -lmkl_intel_thread -lmkl_core -liomp5 -lifport -lifcoremt -limf -lsvml -lmatmul -lm -lipgo -lirc -lpthread -lirc_s -ldl >&5
icc: remark #10441: The Intel(R) C++ Compiler Classic (ICC) is deprecated and will be removed from product release in the second half of 2023. The Intel(R) oneAPI DPC++/C++ Compiler (ICX) is the recommended compiler moving forward. Please transition to use this compiler. Use '-diag-disable=10441' to disable this message.
/tmp/iccpDVgLH.o: In function `main':
conftest.c:(.text+0x3a): undefined reference to `foobar'
configure:17828: $? = 1
configure: failed program was:
| /* confdefs.h */
| #define PACKAGE_NAME "libxc"
| #define PACKAGE_TARNAME "libxc"
| #define PACKAGE_VERSION "4.2.3"
| #define PACKAGE_STRING "libxc 4.2.3"
| #define PACKAGE_BUGREPORT "libxc@tddft.org"
| #define PACKAGE_URL "http://www.tddft.org/programs/Libxc"
| #define PACKAGE "libxc"
| #define VERSION "4.2.3"
| #define STDC_HEADERS 1
| #define HAVE_SYS_TYPES_H 1
| #define HAVE_SYS_STAT_H 1
| #define HAVE_STDLIB_H 1
| #define HAVE_STRING_H 1
| #define HAVE_MEMORY_H 1
| #define HAVE_STRINGS_H 1
| #define HAVE_INTTYPES_H 1
| #define HAVE_STDINT_H 1
| #define HAVE_UNISTD_H 1
| #define HAVE_DLFCN_H 1
| #define LT_OBJDIR ".libs/"
| #define STDC_HEADERS 1
| #define HAVE_ALLOCA_H 1
| #define HAVE_ALLOCA 1
| #define SIZEOF_VOIDP 8
| #define HAVE_SQRTF 1
| #define HAVE_CBRT 1
| #define HAVE_CBRTF 1
| #define HAVE_FEENABLEEXCEPT 1
| #define HAVE_FORTRAN 1
| /* end confdefs.h.  */
| 
| /* Override any GCC internal prototype to avoid an error.
|    Use char because int might match the return type of a GCC
|    builtin and then its argument prototype would still apply.  */
| #ifdef __cplusplus
| extern "C"
| #endif
| char foobar ();
| #ifdef FC_DUMMY_MAIN
| #ifndef FC_DUMMY_MAIN_EQ_F77
| #  ifdef __cplusplus
|      extern "C"
| #  endif
|    int FC_DUMMY_MAIN() { return 1; }
| #endif
| #endif
| int
| main ()
| {
| return foobar ();
|   ;
|   return 0;
| }
configure:17828: icc -o conftest -O3  -parallel -qopenmp -qmkl conftest.c cfortran_test.o   -L/opt_global/software/intel/oneapi/mkl/2023.2.0/lib/intel64 -L/opt_global/software/intel/oneapi/compiler/2023.2.1/linux/lib -L/opt_global/software/intel/oneapi/tbb/2021.10.0/lib/intel64/gcc4.8 -L/opt_global/software/intel/oneapi/compiler/2023.2.1/linux/bin/intel64/../../compiler/lib/intel64_lin -L/usr/lib/gcc/x86_64-redhat-linux/8/ -L/usr/lib/gcc/x86_64-redhat-linux/8/../../../../lib64 -L/usr/lib/gcc/x86_64-redhat-linux/8/../../../../lib64/ -L/lib/../lib64 -L/lib/../lib64/ -L/usr/lib/../lib64 -L/usr/lib/../lib64/ -L/opt_global/software/intel/oneapi/mkl/2023.2.0/lib/intel64/ -L/opt_global/software/intel/oneapi/compiler/2023.2.1/linux/lib/ -L/opt_global/software/intel/oneapi/tbb/2021.10.0/lib/intel64/gcc4.8/ -L/usr/lib/gcc/x86_64-redhat-linux/8/../../../ -L/lib64 -L/lib/ -L/usr/lib64 -L/usr/lib -lmkl_intel_lp64 -lmkl_intel_thread -lmkl_core -liomp5 -lifport -lifcoremt -limf -lsvml -lmatmul -lm -lipgo -lirc -lpthread -lirc_s -ldl >&5
icc: remark #10441: The Intel(R) C++ Compiler Classic (ICC) is deprecated and will be removed from product release in the second half of 2023. The Intel(R) oneAPI DPC++/C++ Compiler (ICX) is the recommended compiler moving forward. Please transition to use this compiler. Use '-diag-disable=10441' to disable this message.
configure:17828: $? = 0
configure:17886: icc -o conftest -O3  -parallel -qopenmp -qmkl conftest.c cfortran_test.o   -L/opt_global/software/intel/oneapi/mkl/2023.2.0/lib/intel64 -L/opt_global/software/intel/oneapi/compiler/2023.2.1/linux/lib -L/opt_global/software/intel/oneapi/tbb/2021.10.0/lib/intel64/gcc4.8 -L/opt_global/software/intel/oneapi/compiler/2023.2.1/linux/bin/intel64/../../compiler/lib/intel64_lin -L/usr/lib/gcc/x86_64-redhat-linux/8/ -L/usr/lib/gcc/x86_64-redhat-linux/8/../../../../lib64 -L/usr/lib/gcc/x86_64-redhat-linux/8/../../../../lib64/ -L/lib/../lib64 -L/lib/../lib64/ -L/usr/lib/../lib64 -L/usr/lib/../lib64/ -L/opt_global/software/intel/oneapi/mkl/2023.2.0/lib/intel64/ -L/opt_global/software/intel/oneapi/compiler/2023.2.1/linux/lib/ -L/opt_global/software/intel/oneapi/tbb/2021.10.0/lib/intel64/gcc4.8/ -L/usr/lib/gcc/x86_64-redhat-linux/8/../../../ -L/lib64 -L/lib/ -L/usr/lib64 -L/usr/lib -lmkl_intel_lp64 -lmkl_intel_thread -lmkl_core -liomp5 -lifport -lifcoremt -limf -lsvml -lmatmul -lm -lipgo -lirc -lpthread -lirc_s -ldl >&5
icc: remark #10441: The Intel(R) C++ Compiler Classic (ICC) is deprecated and will be removed from product release in the second half of 2023. The Intel(R) oneAPI DPC++/C++ Compiler (ICX) is the recommended compiler moving forward. Please transition to use this compiler. Use '-diag-disable=10441' to disable this message.
configure:17886: $? = 0
configure:17928: result: lower case, underscore, no extra underscore
configure:17993: checking whether the compiler accepts very long lines
configure:18002: ifort -c -u -fpp1 -nbs -pc80 -pad -align -unroll-aggressive -O3 -ip -no-fp-port -mno-ieee-fp -vec-report0 -no-prec-div -parallel -qopenmp -qmkl  conftest.f90 >&5
ifort: command line remark #10128: invalid value '1' for '-fpp'; ignoring
ifort: command line remark #10148: option '-vec-report0' not supported
configure:18002: $? = 0
configure:18012: result: yes
configure:18017: checking whether the compiler accepts "line-number" lines cast by the preprocessor
configure:18024: ifort -c -u -fpp1 -nbs -pc80 -pad -align -unroll-aggressive -O3 -ip -no-fp-port -mno-ieee-fp -vec-report0 -no-prec-div -parallel -qopenmp -qmkl  conftest.f90 >&5
ifort: command line remark #10128: invalid value '1' for '-fpp'; ignoring
ifort: command line remark #10148: option '-vec-report0' not supported
configure:18024: $? = 0
configure:18035: result: yes
configure:18041: checking Fortran 90 modules extension
configure:18067: ifort -c -u -fpp1 -nbs -pc80 -pad -align -unroll-aggressive -O3 -ip -no-fp-port -mno-ieee-fp -vec-report0 -no-prec-div -parallel -qopenmp -qmkl  conftest.f90 >&5
ifort: command line remark #10128: invalid value '1' for '-fpp'; ignoring
ifort: command line remark #10148: option '-vec-report0' not supported
configure:18067: $? = 0
configure:18092: result: mod
configure:18099: checking for the size of a Fortran integer
configure:18125: ifort -o conftest -u -fpp1 -nbs -pc80 -pad -align -unroll-aggressive -O3 -ip -no-fp-port -mno-ieee-fp -vec-report0 -no-prec-div -parallel -qopenmp -qmkl -parallel -qopenmp -qmkl  conftest.f90  >&5
ifort: command line remark #10128: invalid value '1' for '-fpp'; ignoring
ifort: command line remark #10148: option '-vec-report0' not supported
configure:18125: $? = 0
configure:18125: ./conftest
configure:18125: $? = 0
configure:18137: result: 4 bytes
configure:18149: checking for which C type corresponds to Fortran integer
configure:18197: icc -o conftest -O3  -parallel -qopenmp -qmkl conftest.c  >&5
icc: remark #10441: The Intel(R) C++ Compiler Classic (ICC) is deprecated and will be removed from product release in the second half of 2023. The Intel(R) oneAPI DPC++/C++ Compiler (ICX) is the recommended compiler moving forward. Please transition to use this compiler. Use '-diag-disable=10441' to disable this message.
configure:18197: $? = 0
configure:18197: ./conftest
configure:18197: $? = 0
configure:18214: result: int
configure:18228: checking for Fortran 2003 iso_c_binding
configure:18244: ifort -o conftest -u -fpp1 -nbs -pc80 -pad -align -unroll-aggressive -O3 -ip -no-fp-port -mno-ieee-fp -vec-report0 -no-prec-div -parallel -qopenmp -qmkl -parallel -qopenmp -qmkl  conftest.f90  >&5
ifort: command line remark #10128: invalid value '1' for '-fpp'; ignoring
ifort: command line remark #10148: option '-vec-report0' not supported
configure:18244: $? = 0
configure:18250: result: yes
configure:18412: checking that generated files are newer than configure
configure:18418: result: done
configure:18461: creating ./config.status

## ---------------------- ##
## Running config.status. ##
## ---------------------- ##

This file was extended by libxc config.status 4.2.3, which was
generated by GNU Autoconf 2.69.  Invocation command line was

  CONFIG_FILES    = 
  CONFIG_HEADERS  = 
  CONFIG_LINKS    = 
  CONFIG_COMMANDS = 
  $ ./config.status 

on theopc66.uni-pc.gwdg.de

config.status:1204: creating Makefile
config.status:1204: creating xc_version.h
config.status:1204: creating src/Makefile
config.status:1204: creating src/maple2c/Makefile
config.status:1204: creating testsuite/Makefile
config.status:1204: creating testsuite/pytest/Makefile
config.status:1204: creating build/Makefile
config.status:1204: creating build/libxc.pc
config.status:1204: creating build/libxcf90.pc
config.status:1204: creating build/libxcf03.pc
config.status:1204: creating build/libxc.spec
config.status:1204: creating scripts/Makefile
config.status:1204: creating maple/Makefile
config.status:1204: creating pylibxc/Makefile
config.status:1204: creating cmake/Makefile
config.status:1204: creating config.h
config.status:1385: config.h is unchanged
config.status:1433: executing depfiles commands
config.status:1510: cd src       && sed -e '/# am--include-marker/d' Makefile         | make -f - am--depfiles
make: Nothing to be done for 'am--depfiles'.
config.status:1515: $? = 0
config.status:1510: cd testsuite       && sed -e '/# am--include-marker/d' Makefile         | make -f - am--depfiles
make: Nothing to be done for 'am--depfiles'.
config.status:1515: $? = 0
config.status:1433: executing libtool commands

## ---------------- ##
## Cache variables. ##
## ---------------- ##

ac_cv_build=x86_64-unknown-linux-gnu
ac_cv_build_fortran03=yes
ac_cv_build_fortran=yes
ac_cv_c_compiler_gnu=yes
ac_cv_c_inline=inline
ac_cv_env_CC_set=set
ac_cv_env_CC_value=icc
ac_cv_env_CFLAGS_set=set
ac_cv_env_CFLAGS_value=-O3
ac_cv_env_CPPFLAGS_set=
ac_cv_env_CPPFLAGS_value=
ac_cv_env_CPP_set=
ac_cv_env_CPP_value=
ac_cv_env_FCCPP_set=
ac_cv_env_FCCPP_value=
ac_cv_env_FCFLAGS_set=set
ac_cv_env_FCFLAGS_value='-u -fpp1 -nbs -pc80 -pad -align -unroll-aggressive -O3 -ip -no-fp-port -mno-ieee-fp -vec-report0 -no-prec-div -parallel -qopenmp -qmkl'
ac_cv_env_FC_set=set
ac_cv_env_FC_value=ifort
ac_cv_env_LDFLAGS_set=set
ac_cv_env_LDFLAGS_value='-parallel -qopenmp -qmkl'
ac_cv_env_LIBS_set=
ac_cv_env_LIBS_value=
ac_cv_env_LT_SYS_LIBRARY_PATH_set=
ac_cv_env_LT_SYS_LIBRARY_PATH_value=
ac_cv_env_build_alias_set=
ac_cv_env_build_alias_value=
ac_cv_env_host_alias_set=
ac_cv_env_host_alias_value=
ac_cv_env_target_alias_set=
ac_cv_env_target_alias_value=
ac_cv_fc_compiler_gnu=no
ac_cv_fc_dummy_main=none
ac_cv_fc_libs=' -L/opt_global/software/intel/oneapi/mkl/2023.2.0/lib/intel64 -L/opt_global/software/intel/oneapi/compiler/2023.2.1/linux/lib -L/opt_global/software/intel/oneapi/tbb/2021.10.0/lib/intel64/gcc4.8 -L/opt_global/software/intel/oneapi/compiler/2023.2.1/linux/bin/intel64/../../compiler/lib/intel64_lin -L/usr/lib/gcc/x86_64-redhat-linux/8/ -L/usr/lib/gcc/x86_64-redhat-linux/8/../../../../lib64 -L/usr/lib/gcc/x86_64-redhat-linux/8/../../../../lib64/ -L/lib/../lib64 -L/lib/../lib64/ -L/usr/lib/../lib64 -L/usr/lib/../lib64/ -L/opt_global/software/intel/oneapi/mkl/2023.2.0/lib/intel64/ -L/opt_global/software/intel/oneapi/compiler/2023.2.1/linux/lib/ -L/opt_global/software/intel/oneapi/tbb/2021.10.0/lib/intel64/gcc4.8/ -L/usr/lib/gcc/x86_64-redhat-linux/8/../../../ -L/lib64 -L/lib/ -L/usr/lib64 -L/usr/lib -lmkl_intel_lp64 -lmkl_intel_thread -lmkl_core -liomp5 -lifport -lifcoremt -limf -lsvml -lmatmul -lm -lipgo -lirc -lpthread -lirc_s -ldl'
ac_cv_fc_mangling='lower case, underscore, no extra underscore'
ac_cv_fc_srcext_f90=none
ac_cv_fortran_dummy_main=none
ac_cv_func_alloca_works=yes
ac_cv_header_dlfcn_h=yes
ac_cv_header_inttypes_h=yes
ac_cv_header_memory_h=yes
ac_cv_header_stdc=yes
ac_cv_header_stdint_h=yes
ac_cv_header_stdlib_h=yes
ac_cv_header_string_h=yes
ac_cv_header_strings_h=yes
ac_cv_header_sys_stat_h=yes
ac_cv_header_sys_types_h=yes
ac_cv_header_unistd_h=yes
ac_cv_host=x86_64-unknown-linux-gnu
ac_cv_lib_m_cbrt=yes
ac_cv_lib_m_cbrtf=yes
ac_cv_lib_m_feenableexcept=yes
ac_cv_lib_m_sqrtf=yes
ac_cv_objext=o
ac_cv_path_EGREP='/usr/bin/grep -E'
ac_cv_path_FGREP='/usr/bin/grep -F'
ac_cv_path_GREP=/usr/bin/grep
ac_cv_path_SED=/usr/bin/sed
ac_cv_path_install='/usr/bin/install -c'
ac_cv_path_lt_DD=/usr/bin/dd
ac_cv_path_mkdir=/usr/bin/mkdir
ac_cv_prog_AWK=gawk
ac_cv_prog_CPP='icc -E'
ac_cv_prog_ac_ct_AR=ar
ac_cv_prog_ac_ct_CC=icc
ac_cv_prog_ac_ct_OBJDUMP=objdump
ac_cv_prog_ac_ct_RANLIB=ranlib
ac_cv_prog_ac_ct_STRIP=strip
ac_cv_prog_cc_c89=
ac_cv_prog_cc_g=yes
ac_cv_prog_fc_g=yes
ac_cv_prog_fc_v=-v
ac_cv_prog_make_make_set=yes
ac_cv_sizeof_voidp=8
ac_cv_type_size_t=yes
ac_cv_working_alloca_h=yes
am_cv_CC_dependencies_compiler_type=gcc3
am_cv_make_support_nested_variables=yes
am_cv_prog_cc_c_o=yes
ax_cv_f90_modext=mod
lt_cv_ar_at_file=@
lt_cv_deplibs_check_method=pass_all
lt_cv_file_magic_cmd='$MAGIC_CMD'
lt_cv_file_magic_test_file=
lt_cv_ld_reload_flag=-r
lt_cv_nm_interface='BSD nm'
lt_cv_objdir=.libs
lt_cv_path_LD=/usr/bin/ld
lt_cv_path_NM='/usr/bin/nm -B'
lt_cv_path_mainfest_tool=no
lt_cv_prog_compiler_c_o=yes
lt_cv_prog_compiler_c_o_FC=yes
lt_cv_prog_compiler_pic='-fPIC -DPIC'
lt_cv_prog_compiler_pic_FC=-fPIC
lt_cv_prog_compiler_pic_works=yes
lt_cv_prog_compiler_pic_works_FC=yes
lt_cv_prog_compiler_rtti_exceptions=yes
lt_cv_prog_compiler_static_works=no
lt_cv_prog_compiler_static_works_FC=no
lt_cv_prog_gnu_ld=yes
lt_cv_sharedlib_from_linklib_cmd='printf %s\n'
lt_cv_shlibpath_overrides_runpath=no
lt_cv_sys_global_symbol_pipe='sed -n -e '\''s/^.*[	 ]\([ABCDGIRSTW][ABCDGIRSTW]*\)[	 ][	 ]*\([_A-Za-z][_A-Za-z0-9]*\)$/\1 \2 \2/p'\'' | sed '\''/ __gnu_lto/d'\'''
lt_cv_sys_global_symbol_to_c_name_address='sed -n -e '\''s/^: \(.*\) .*$/  {"\1", (void *) 0},/p'\'' -e '\''s/^[ABCDGIRSTW][ABCDGIRSTW]* .* \(.*\)$/  {"\1", (void *) \&\1},/p'\'''
lt_cv_sys_global_symbol_to_c_name_address_lib_prefix='sed -n -e '\''s/^: \(.*\) .*$/  {"\1", (void *) 0},/p'\'' -e '\''s/^[ABCDGIRSTW][ABCDGIRSTW]* .* \(lib.*\)$/  {"\1", (void *) \&\1},/p'\'' -e '\''s/^[ABCDGIRSTW][ABCDGIRSTW]* .* \(.*\)$/  {"lib\1", (void *) \&\1},/p'\'''
lt_cv_sys_global_symbol_to_cdecl='sed -n -e '\''s/^T .* \(.*\)$/extern int \1();/p'\'' -e '\''s/^[ABCDGIRSTW][ABCDGIRSTW]* .* \(.*\)$/extern char \1;/p'\'''
lt_cv_sys_global_symbol_to_import=
lt_cv_sys_max_cmd_len=3458764513820540925
lt_cv_to_host_file_cmd=func_convert_file_noop
lt_cv_to_tool_file_cmd=func_convert_file_noop
lt_cv_truncate_bin='/usr/bin/dd bs=4096 count=1'

## ----------------- ##
## Output variables. ##
## ----------------- ##

ACLOCAL='${SHELL} /home/mgimferrer/APOST3D.4-PGO/libxc-4.2.3/missing aclocal-1.16'
ALLOCA=''
AMDEPBACKSLASH='\'
AMDEP_FALSE='#'
AMDEP_TRUE=''
AMTAR='$${TAR-tar}'
AM_BACKSLASH='\'
AM_DEFAULT_V='$(AM_DEFAULT_VERBOSITY)'
AM_DEFAULT_VERBOSITY='1'
AM_V='$(V)'
AR='ar'
AUTOCONF='${SHELL} /home/mgimferrer/APOST3D.4-PGO/libxc-4.2.3/missing autoconf'
AUTOHEADER='${SHELL} /home/mgimferrer/APOST3D.4-PGO/libxc-4.2.3/missing autoheader'
AUTOMAKE='${SHELL} /home/mgimferrer/APOST3D.4-PGO/libxc-4.2.3/missing automake-1.16'
AWK='gawk'
CC='icc'
CCDEPMODE='depmode=gcc3'
CFLAGS='-O3'
COMPILE_FORTRAN03_FALSE='#'
COMPILE_FORTRAN03_TRUE=''
COMPILE_FORTRAN_FALSE='#'
COMPILE_FORTRAN_TRUE=''
CPP='icc -E'
CPPFLAGS=''
CYGPATH_W='echo'
DEFS='-DHAVE_CONFIG_H'
DEPDIR='.deps'
DLLTOOL='false'
DSYMUTIL=''
DUMPBIN=''
ECHO_C=''
ECHO_N='-n'
ECHO_T=''
EGREP='/usr/bin/grep -E'
ENABLE_FORTRAN_FALSE='#'
ENABLE_FORTRAN_TRUE=''
EXEEXT=''
F90_ACCEPTS_LINE_NUMBERS='yes'
F90_MOD_UPPERCASE_FALSE=''
F90_MOD_UPPERCASE_TRUE='#'
FC='ifort'
FCCPP='/lib/cpp -ansi'
FCFLAGS='-u -fpp1 -nbs -pc80 -pad -align -unroll-aggressive -O3 -ip -no-fp-port -mno-ieee-fp -vec-report0 -no-prec-div -parallel -qopenmp -qmkl'
FCFLAGS_f90=''
FCLIBS=' -L/opt_global/software/intel/oneapi/mkl/2023.2.0/lib/intel64 -L/opt_global/software/intel/oneapi/compiler/2023.2.1/linux/lib -L/opt_global/software/intel/oneapi/tbb/2021.10.0/lib/intel64/gcc4.8 -L/opt_global/software/intel/oneapi/compiler/2023.2.1/linux/bin/intel64/../../compiler/lib/intel64_lin -L/usr/lib/gcc/x86_64-redhat-linux/8/ -L/usr/lib/gcc/x86_64-redhat-linux/8/../../../../lib64 -L/usr/lib/gcc/x86_64-redhat-linux/8/../../../../lib64/ -L/lib/../lib64 -L/lib/../lib64/ -L/usr/lib/../lib64 -L/usr/lib/../lib64/ -L/opt_global/software/intel/oneapi/mkl/2023.2.0/lib/intel64/ -L/opt_global/software/intel/oneapi/compiler/2023.2.1/linux/lib/ -L/opt_global/software/intel/oneapi/tbb/2021.10.0/lib/intel64/gcc4.8/ -L/usr/lib/gcc/x86_64-redhat-linux/8/../../../ -L/lib64 -L/lib/ -L/usr/lib64 -L/usr/lib -lmkl_intel_lp64 -lmkl_intel_thread -lmkl_core -liomp5 -lifport -lifcoremt -limf -lsvml -lmatmul -lm -lipgo -lirc -lpthread -lirc_s -ldl'
FGREP='/usr/bin/grep -F'
FMODDIR='${includedir}'
GREP='/usr/bin/grep'
INSTALL_DATA='${INSTALL} -m 644'
INSTALL_PROGRAM='${INSTALL}'
INSTALL_SCRIPT='${INSTALL}'
INSTALL_STRIP_PROGRAM='$(install_sh) -c -s'
LD='/usr/bin/ld -m elf_x86_64'
LDFLAGS='-parallel -qopenmp -qmkl'
LIBOBJS=''
LIBS=''
LIBTOOL='$(SHELL) $(top_builddir)/libtool'
LIPO=''
LN_S='ln -s'
LONG_LINES='yes'
LTLIBOBJS=''
LT_SYS_LIBRARY_PATH=''
MAKEINFO='${SHELL} /home/mgimferrer/APOST3D.4-PGO/libxc-4.2.3/missing makeinfo'
MANIFEST_TOOL=':'
MKDIR_P='/usr/bin/mkdir -p'
NM='/usr/bin/nm -B'
NMEDIT=''
OBJDUMP='objdump'
OBJEXT='o'
OTOOL64=''
OTOOL=''
PACKAGE='libxc'
PACKAGE_BUGREPORT='libxc@tddft.org'
PACKAGE_NAME='libxc'
PACKAGE_STRING='libxc 4.2.3'
PACKAGE_TARNAME='libxc'
PACKAGE_URL='http://www.tddft.org/programs/Libxc'
PACKAGE_VERSION='4.2.3'
PATH_SEPARATOR=':'
RANLIB='ranlib'
SED='/usr/bin/sed'
SET_MAKE=''
SHELL='/bin/sh'
STRIP='strip'
VERSION='4.2.3'
XC_LT_VERSION='7:3:2'
XC_MAJOR_VERSION='4'
XC_MICRO_VERSION='3'
XC_MINOR_VERSION='2'
ac_ct_AR='ar'
ac_ct_CC='icc'
ac_ct_DUMPBIN=''
ac_ct_FC=''
am__EXEEXT_FALSE=''
am__EXEEXT_TRUE='#'
am__fastdepCC_FALSE='#'
am__fastdepCC_TRUE=''
am__include='include'
am__isrc=''
am__leading_dot='.'
am__nodep='_no'
am__quote=''
am__tar='$${TAR-tar} chof - "$$tardir"'
am__untar='$${TAR-tar} xf -'
ax_cv_f90_modext='mod'
bindir='${exec_prefix}/bin'
build='x86_64-unknown-linux-gnu'
build_alias=''
build_cpu='x86_64'
build_os='linux-gnu'
build_vendor='unknown'
datadir='${datarootdir}'
datarootdir='${prefix}/share'
docdir='${datarootdir}/doc/${PACKAGE_TARNAME}'
dvidir='${docdir}'
exec_prefix='${prefix}'
host='x86_64-unknown-linux-gnu'
host_alias=''
host_cpu='x86_64'
host_os='linux-gnu'
host_vendor='unknown'
htmldir='${docdir}'
includedir='${prefix}/include'
infodir='${datarootdir}/info'
install_sh='${SHELL} /home/mgimferrer/APOST3D.4-PGO/libxc-4.2.3/install-sh'
libdir='${exec_prefix}/lib'
libexecdir='${exec_prefix}/libexec'
localedir='${datarootdir}/locale'
localstatedir='${prefix}/var'
mandir='${datarootdir}/man'
mkdir_p='$(MKDIR_P)'
oldincludedir='/usr/include'
pdfdir='${docdir}'
prefix='/home/mgimferrer/APOST3D.4-PGO/libxc-4.2.3'
program_transform_name='s,x,x,'
psdir='${docdir}'
sbindir='${exec_prefix}/sbin'
sharedstatedir='${prefix}/com'
sysconfdir='${prefix}/etc'
target_alias=''

## ----------- ##
## confdefs.h. ##
## ----------- ##

/* confdefs.h */
#define PACKAGE_NAME "libxc"
#define PACKAGE_TARNAME "libxc"
#define PACKAGE_VERSION "4.2.3"
#define PACKAGE_STRING "libxc 4.2.3"
#define PACKAGE_BUGREPORT "libxc@tddft.org"
#define PACKAGE_URL "http://www.tddft.org/programs/Libxc"
#define PACKAGE "libxc"
#define VERSION "4.2.3"
#define STDC_HEADERS 1
#define HAVE_SYS_TYPES_H 1
#define HAVE_SYS_STAT_H 1
#define HAVE_STDLIB_H 1
#define HAVE_STRING_H 1
#define HAVE_MEMORY_H 1
#define HAVE_STRINGS_H 1
#define HAVE_INTTYPES_H 1
#define HAVE_STDINT_H 1
#define HAVE_UNISTD_H 1
#define HAVE_DLFCN_H 1
#define LT_OBJDIR ".libs/"
#define STDC_HEADERS 1
#define HAVE_ALLOCA_H 1
#define HAVE_ALLOCA 1
#define SIZEOF_VOIDP 8
#define HAVE_SQRTF 1
#define HAVE_CBRT 1
#define HAVE_CBRTF 1
#define HAVE_FEENABLEEXCEPT 1
#define HAVE_FORTRAN 1
#define FC_FUNC(name,NAME) name ## _
#define FC_FUNC_(name,NAME) name ## _
#define LONG_LINES 1
#define F90_ACCEPTS_LINE_NUMBERS 1
#define FC_INTEGER_SIZE 4
#define CC_FORTRAN_INT int
#define ISO_C_BINDING 1

configure: exit 0
